autoscan: warning: missing AC_CHECK_FUNCS([memset]) wanted by: 
	source/ac.vr.cpp:158
autoscan: warning: missing AC_CHECK_FUNCS([sqrt]) wanted by: 
	include/Extras/OVR_Math.h:473
	include/Extras/OVR_Math.h:481
	include/Extras/OVR_Math.h:661
	include/Extras/OVR_Math.h:669
	include/Extras/OVR_Math.h:846
	include/Extras/OVR_Math.h:1134
	include/Extras/OVR_Math.h:1161
	include/Extras/OVR_Math.h:1183
	include/Extras/OVR_Math.h:1203
	include/Extras/OVR_Math.h:1210
	include/Extras/OVR_Math.h:1227
	include/Extras/OVR_Math.h:1235
	include/Extras/OVR_Math.h:1243
	include/Extras/OVR_Math.h:1251
	include/Extras/OVR_Math.h:1269
	include/Extras/OVR_Math.h:1277
	include/Extras/OVR_Math.h:1285
	include/Extras/OVR_Math.h:1293
	include/Extras/OVR_Math.h:1326
	include/Extras/OVR_Math.h:1429
	include/Extras/OVR_Math.h:1438
	source/fractal.cpp:84
autoscan: warning: missing AC_CHECK_HEADERS([float.h]) wanted by: 
	include/Extras/OVR_Math.h:41
autoscan: warning: missing AC_CHECK_HEADERS([inttypes.h]) wanted by: 
	include/glew.h:223
	include/glew.h:295
autoscan: warning: missing AC_CHECK_HEADERS([stddef.h]) wanted by: 
	include/glew.h:217
autoscan: warning: missing AC_CHECK_HEADERS([stdint.h]) wanted by: 
	frameworks/LibOVR.framework/Versions/A/Headers/OVR_CAPI_0_5_0.h:35
	include/glew.h:225
	include/OVR_CAPI_0_5_0.h:35
	include/Extras/OVR_Math.h:37
autoscan: warning: missing AC_CHECK_HEADERS([stdlib.h]) wanted by: 
	include/Extras/OVR_Math.h:38
	source/ac.vr.cpp:21
autoscan: warning: missing AC_CHECK_HEADERS([string.h]) wanted by: 
	include/Extras/OVR_Math.h:40
autoscan: warning: missing AC_CHECK_HEADER_STDBOOL wanted by: 
	frameworks/LibOVR.framework/Versions/A/Headers/OVR_CAPI_0_5_0.h:1080
	frameworks/LibOVR.framework/Versions/A/Headers/OVR_CAPI_0_5_0.h:1105
	frameworks/LibOVR.framework/Versions/A/PrivateHeaders/OVR_StereoProjection.h:54
	frameworks/LibOVR.framework/Versions/A/PrivateHeaders/OVR_StereoProjection.h:54
	frameworks/LibOVR.framework/Versions/A/PrivateHeaders/OVR_StereoProjection.h:56
	frameworks/LibOVR.framework/Versions/A/PrivateHeaders/OVR_StereoProjection.h:56
	frameworks/LibOVR.framework/Versions/A/PrivateHeaders/OVR_StereoProjection.h:58
	frameworks/LibOVR.framework/Versions/A/PrivateHeaders/OVR_StereoProjection.h:63
	frameworks/LibOVR.framework/Versions/A/PrivateHeaders/OVR_StereoProjection.h:63
	include/OVR_CAPI_0_5_0.h:1080
	include/OVR_CAPI_0_5_0.h:1105
	include/Extras/OVR_Math.h:413
	include/Extras/OVR_Math.h:414
	include/Extras/OVR_Math.h:438
	include/Extras/OVR_Math.h:490
	include/Extras/OVR_Math.h:524
	include/Extras/OVR_Math.h:577
	include/Extras/OVR_Math.h:578
	include/Extras/OVR_Math.h:610
	include/Extras/OVR_Math.h:677
	include/Extras/OVR_Math.h:767
	include/Extras/OVR_Math.h:768
	include/Extras/OVR_Math.h:802
	include/Extras/OVR_Math.h:848
	include/Extras/OVR_Math.h:951
	include/Extras/OVR_Math.h:952
	include/Extras/OVR_Math.h:1020
	include/Extras/OVR_Math.h:1022
	include/Extras/OVR_Math.h:1192
	include/Extras/OVR_Math.h:1301
	include/Extras/OVR_Math.h:1302
	include/Extras/OVR_Math.h:1315
	include/Extras/OVR_Math.h:1358
	include/Extras/OVR_Math.h:1699
	include/Extras/OVR_Math.h:1998
	include/Extras/OVR_Math.h:2000
	include/Extras/OVR_Math.h:2695
	include/Extras/OVR_Math.h:2697
	include/Extras/OVR_Math.h:3052
	include/Extras/OVR_Math.h:3420
	include/Extras/OVR_Math.h:3421
	include/Extras/OVR_Math.h:3422
	include/Extras/OVR_Math.h:3423
	include/Extras/OVR_Math.h:3424
	include/Extras/OVR_Math.h:3425
	include/Extras/OVR_Math.h:3426
	include/Extras/OVR_Math.h:3511
	source/ac.cpp:11
	source/ac.cpp:12
	source/ac.cpp:13
	source/ac.cpp:20
	source/ac.cpp:83
	source/ac.cpp:111
	source/ac.cpp:111
	source/ac.cpp:353
	source/ac.cpp:557
	source/ac.cpp:558
	source/ac.cpp:987
	source/ac.h:38
	source/ac.h:45
	source/ac.h:53
	source/ac.h:61
	source/ac.h:61
	source/ac.h:101
	source/ac.vr.cpp:450
	source/fractal.cpp:61
	source/fractal.cpp:73
	source/fractal.cpp:101
	source/fractal.h:10
	frameworks/LibOVR.framework/Versions/A/Headers/OVR_CAPI_0_5_0.h:363
	frameworks/LibOVR.framework/Versions/A/Headers/OVR_CAPI_0_5_0.h:449
	frameworks/LibOVR.framework/Versions/A/Headers/OVR_CAPI_0_5_0.h:769
	frameworks/LibOVR.framework/Versions/A/Headers/OVR_CAPI_0_5_0.h:1052
	frameworks/LibOVR.framework/Versions/A/Headers/OVR_CAPI_0_5_0.h:1080
	frameworks/LibOVR.framework/Versions/A/Headers/OVR_CAPI_0_5_0.h:1105
	frameworks/LibOVR.framework/Versions/A/Headers/OVR_CAPI_0_5_0.h:1112
	frameworks/LibOVR.framework/Versions/A/Headers/OVR_CAPI_0_5_0.h:1119
	frameworks/LibOVR.framework/Versions/A/Headers/OVR_CAPI_0_5_0.h:1127
	frameworks/LibOVR.framework/Versions/A/Headers/OVR_CAPI_0_5_0.h:1151
	frameworks/LibOVR.framework/Versions/A/PrivateHeaders/OVR_StereoProjection.h:56
	frameworks/LibOVR.framework/Versions/A/PrivateHeaders/OVR_StereoProjection.h:56
	frameworks/LibOVR.framework/Versions/A/PrivateHeaders/OVR_StereoProjection.h:63
	frameworks/LibOVR.framework/Versions/A/PrivateHeaders/OVR_StereoProjection.h:63
	include/OVR_CAPI_0_5_0.h:363
	include/OVR_CAPI_0_5_0.h:449
	include/OVR_CAPI_0_5_0.h:769
	include/OVR_CAPI_0_5_0.h:1052
	include/OVR_CAPI_0_5_0.h:1080
	include/OVR_CAPI_0_5_0.h:1105
	include/OVR_CAPI_0_5_0.h:1112
	include/OVR_CAPI_0_5_0.h:1119
	include/OVR_CAPI_0_5_0.h:1127
	include/OVR_CAPI_0_5_0.h:1151
	include/Extras/OVR_Math.h:1191
	include/Extras/OVR_Math.h:1518
	include/Extras/OVR_Math.h:1542
	include/Extras/OVR_Math.h:1775
	source/ac.cpp:11
	source/ac.cpp:11
	source/ac.cpp:11
	source/ac.cpp:11
	source/ac.cpp:11
	source/ac.cpp:11
	source/ac.cpp:11
	source/ac.cpp:11
	source/ac.cpp:11
	source/ac.cpp:12
	source/ac.cpp:12
	source/ac.cpp:12
	source/ac.cpp:13
	source/ac.cpp:20
	source/ac.cpp:91
	source/ac.cpp:100
	source/ac.cpp:101
	source/ac.cpp:104
	source/ac.cpp:105
	source/ac.cpp:106
	source/ac.cpp:107
	source/ac.cpp:353
	source/ac.cpp:621
	source/ac.cpp:660
	source/ac.cpp:697
	source/ac.cpp:987
	source/ac.vr.cpp:455
	source/ac.vr.cpp:465
	source/fractal.cpp:79
	source/fractal.cpp:110
	source/fractal.h:10
	frameworks/LibOVR.framework/Versions/A/Headers/OVR_CAPI_0_5_0.h:1021
	frameworks/LibOVR.framework/Versions/A/Headers/OVR_CAPI_0_5_0.h:1062
	frameworks/LibOVR.framework/Versions/A/Headers/OVR_CAPI_0_5_0.h:1086
	frameworks/LibOVR.framework/Versions/A/Headers/OVR_CAPI_0_5_0.h:1092
	include/OVR_CAPI_0_5_0.h:1021
	include/OVR_CAPI_0_5_0.h:1062
	include/OVR_CAPI_0_5_0.h:1086
	include/OVR_CAPI_0_5_0.h:1092
	include/Extras/OVR_Math.h:437
	include/Extras/OVR_Math.h:523
	include/Extras/OVR_Math.h:609
	include/Extras/OVR_Math.h:801
	include/Extras/OVR_Math.h:1192
	include/Extras/OVR_Math.h:1314
	include/Extras/OVR_Math.h:2000
	include/Extras/OVR_Math.h:2697
	source/ac.cpp:67
	source/ac.cpp:71
	source/ac.cpp:83
	source/ac.cpp:85
	source/ac.cpp:95
	source/ac.cpp:126
	source/ac.cpp:141
	source/ac.cpp:178
	source/ac.cpp:194
	source/ac.cpp:209
	source/ac.cpp:234
	source/ac.cpp:246
	source/ac.cpp:265
	source/ac.cpp:283
	source/ac.cpp:332
	source/ac.cpp:347
	source/ac.cpp:360
	source/ac.cpp:365
	source/ac.cpp:381
	source/ac.cpp:398
	source/ac.cpp:413
	source/ac.cpp:425
	source/ac.cpp:429
	source/ac.cpp:444
	source/ac.cpp:557
	source/ac.cpp:558
	source/ac.cpp:601
	source/ac.cpp:617
	source/ac.cpp:639
	source/ac.cpp:655
	source/ac.cpp:676
	source/ac.cpp:693
	source/ac.cpp:726
	source/ac.cpp:748
	source/ac.cpp:769
	source/ac.cpp:789
	source/ac.cpp:810
	source/ac.cpp:839
	source/ac.cpp:868
	source/ac.cpp:915
	source/ac.cpp:1426
	source/ac.vr.cpp:450
	source/fractal.cpp:84
	source/fractal.cpp:93
	source/fractal.cpp:101
	source/fractal.cpp:102
	source/fractal.cpp:111
autoscan: warning: missing AC_CHECK_TYPES([ptrdiff_t]) wanted by: 
	include/glew.h:167
	include/glew.h:169
	include/glew.h:1663
	include/glew.h:1664
	include/glew.h:6940
	include/glew.h:6941
autoscan: warning: missing AC_C_INLINE wanted by: 
	include/Extras/OVR_Math.h:326
	include/Extras/OVR_Math.h:327
	include/Extras/OVR_Math.h:337
	include/Extras/OVR_Math.h:338
	include/Extras/OVR_Math.h:346
	include/Extras/OVR_Math.h:347
	include/Extras/OVR_Math.h:349
	include/Extras/OVR_Math.h:350
	include/Extras/OVR_Math.h:354
	include/Extras/OVR_Math.h:358
	include/Extras/OVR_Math.h:361
	include/Extras/OVR_Math.h:362
	include/Extras/OVR_Math.h:365
	include/Extras/OVR_Math.h:366
	include/Extras/OVR_Math.h:369
	include/Extras/OVR_Math.h:371
	include/Extras/OVR_Math.h:977
	include/Extras/OVR_Math.h:1150
	include/Extras/OVR_Math.h:1192
	include/Extras/OVR_Math.h:1376
	include/Extras/OVR_Math.h:2608
	include/Extras/OVR_Math.h:2855
	include/Extras/OVR_Math.h:2863
	include/Extras/OVR_Math.h:2870
	include/Extras/OVR_Math.h:2875
	include/Extras/OVR_Math.h:2880
	include/Extras/OVR_Math.h:2885
	include/Extras/OVR_Math.h:2890
	include/Extras/OVR_Math.h:2897
	include/Extras/OVR_Math.h:2904
	include/Extras/OVR_Math.h:2916
	include/Extras/OVR_Math.h:3212
	include/Extras/OVR_Math.h:3214
	include/Extras/OVR_Math.h:3220
	include/Extras/OVR_Math.h:3235
	include/Extras/OVR_Math.h:3240
	include/Extras/OVR_Math.h:3242
	include/Extras/OVR_Math.h:3244
	include/Extras/OVR_Math.h:3255
	include/Extras/OVR_Math.h:3267
	include/Extras/OVR_Math.h:3279
	include/Extras/OVR_Math.h:3309
	include/Extras/OVR_Math.h:3321
	include/Extras/OVR_Math.h:3342
	include/Extras/OVR_Math.h:3345
	include/Extras/OVR_Math.h:3353
	include/Extras/OVR_Math.h:3361
	include/Extras/OVR_Math.h:3373
	include/Extras/OVR_Math.h:3384
	include/Extras/OVR_Math.h:3446
	include/Extras/OVR_Math.h:3455
	source/ac.cpp:29
	source/ac.cpp:32
	source/ac.cpp:65
	source/ac.cpp:80
	source/ac.cpp:575
	source/ac.cpp:580
	source/ac.h:56
	source/ac.h:57
	source/ac.h:58
	source/ac.h:59
autoscan: warning: missing AC_FUNC_ERROR_AT_LINE wanted by: 
	include/Extras/OVR_Math.h:1200
autoscan: warning: missing AC_TYPE_INT32_T wanted by: 
	frameworks/LibOVR.framework/Versions/A/Headers/OVR_CAPI_0_5_0.h:292
	frameworks/LibOVR.framework/Versions/A/Headers/OVR_CAPI_0_5_0.h:326
	frameworks/LibOVR.framework/Versions/A/Headers/OVR_CAPI_0_5_0.h:341
	frameworks/LibOVR.framework/Versions/A/Headers/OVR_CAPI_0_5_0.h:364
	frameworks/LibOVR.framework/Versions/A/Headers/OVR_CAPI_0_5_0.h:375
	frameworks/LibOVR.framework/Versions/A/Headers/OVR_CAPI_0_5_0.h:453
	frameworks/LibOVR.framework/Versions/A/Headers/OVR_CAPI_0_5_0.h:583
	include/OVR_CAPI_0_5_0.h:292
	include/OVR_CAPI_0_5_0.h:326
	include/OVR_CAPI_0_5_0.h:341
	include/OVR_CAPI_0_5_0.h:364
	include/OVR_CAPI_0_5_0.h:375
	include/OVR_CAPI_0_5_0.h:453
	include/OVR_CAPI_0_5_0.h:583
	include/Extras/OVR_Math.h:716
	include/Extras/OVR_Math.h:720
	include/Extras/OVR_Math.h:724
autoscan: warning: missing AC_TYPE_INT64_T wanted by: 
	include/glew.h:297
autoscan: warning: missing AC_TYPE_SIZE_T wanted by: 
	include/Extras/OVR_Math.h:389
	include/Extras/OVR_Math.h:551
	include/Extras/OVR_Math.h:739
	include/Extras/OVR_Math.h:1043
	include/Extras/OVR_Math.h:1828
	include/Extras/OVR_Math.h:1919
	include/Extras/OVR_Math.h:1921
	include/Extras/OVR_Math.h:2126
	include/Extras/OVR_Math.h:2126
	include/Extras/OVR_Math.h:2133
	include/Extras/OVR_Math.h:2133
	include/Extras/OVR_Math.h:2135
	include/Extras/OVR_Math.h:2563
	include/Extras/OVR_Math.h:2646
	include/Extras/OVR_Math.h:2648
	include/Extras/OVR_Math.h:2846
	include/Extras/OVR_Math.h:2846
	include/Extras/OVR_Math.h:2968
autoscan: warning: missing AC_TYPE_UINT32_T wanted by: 
	frameworks/LibOVR.framework/Versions/A/Headers/OVR_CAPI_0_5_0.h:492
	frameworks/LibOVR.framework/Versions/A/Headers/OVR_CAPI_0_5_0.h:495
	frameworks/LibOVR.framework/Versions/A/Headers/OVR_CAPI_0_5_0.h:715
	frameworks/LibOVR.framework/Versions/A/Headers/OVR_CAPI_0_5_0.h:719
	frameworks/LibOVR.framework/Versions/A/Headers/OVR_CAPI_0_5_0.h:728
	include/OVR_CAPI_0_5_0.h:492
	include/OVR_CAPI_0_5_0.h:495
	include/OVR_CAPI_0_5_0.h:715
	include/OVR_CAPI_0_5_0.h:719
	include/OVR_CAPI_0_5_0.h:728
autoscan: warning: missing AC_TYPE_UINT64_T wanted by: 
	include/glew.h:298
